<?xml version="1.0" encoding="UTF-8"?>
<!-- Generated by org.testng.reporters.JUnitXMLReporter -->
<testsuite ignored="0" hostname="DESKTOP-TVD4B1F" failures="0" tests="5" name="Test" time="151.889" errors="0" timestamp="2024-03-01T01:22:38 IST">
  <testcase classname="Orange.HRM.login1" name="LOGIN" time="15.444"/>
  <testcase classname="Orange.HRM.login1" name="LOGIN" time="10.528"/>
  <testcase classname="Orange.HRM.login1" name="LOGIN" time="11.354"/>
  <testcase classname="Orange.HRM.login1" name="LOGIN" time="14.016"/>
  <testcase classname="Orange.HRM.login1" name="LOGIN" time="68.222"/>
</testsuite> <!-- Test -->
